<?xml version="1.0" encoding="UTF-8"?>
<!-- Generated by org.testng.reporters.JUnitReportReporter -->
<testsuite skipped="0" hostname="LAPTOP-7BHQA0FR" name="IBM.RestAssured_TestCase1.testCase2" tests="1" failures="0" timestamp="31 May 2021 08:35:20 GMT" time="4.553" errors="0">
  <testcase name="soapexample" time="4.553" classname="IBM.RestAssured_TestCase1.testCase2"/>
</testsuite> <!-- IBM.RestAssured_TestCase1.testCase2 -->
