<?xml version="1.0" encoding="UTF-8"?>
<!-- Generated by org.testng.reporters.JUnitReportReporter -->
<testsuite skipped="0" hostname="LAPTOP-7BHQA0FR" name="IBM.RestAssured_TestCase1.testCase1" tests="2" failures="0" timestamp="31 May 2021 10:24:14 GMT" time="3.347" errors="0">
  <testcase name="util" time="0.058" classname="IBM.RestAssured_TestCase1.testCase1"/>
  <testcase name="util" time="3.289" classname="IBM.RestAssured_TestCase1.testCase1"/>
</testsuite> <!-- IBM.RestAssured_TestCase1.testCase1 -->
